[2024-05-29 16:53:32] local.ERROR: SQLSTATE[HY000] [1049] Unknown database 'elmslaravel' (Connection: mysql, SQL: select table_name as `name`, (data_length + index_length) as `size`, table_comment as `comment`, engine as `engine`, table_collation as `collation` from information_schema.tables where table_schema = 'elmslaravel' and table_type in ('BASE TABLE', 'SYSTEM VERSIONED') order by table_name) {"exception":"[object] (Illuminate\\Database\\QueryException(code: 1049): SQLSTATE[HY000] [1049] Unknown database 'elmslaravel' (Connection: mysql, SQL: select table_name as `name`, (data_length + index_length) as `size`, table_comment as `comment`, engine as `engine`, table_collation as `collation` from information_schema.tables where table_schema = 'elmslaravel' and table_type in ('BASE TABLE', 'SYSTEM VERSIONED') order by table_name) at C:\\Users\\ASUS TUF15\\Documents\\XAMPP\\htdocs\\Kelompok_5_7_Laravel\\vendor\\laravel\\framework\\src\\Illuminate\\Database\\Connection.php:813)
[stacktrace]
#0 C:\\Users\\ASUS TUF15\\Documents\\XAMPP\\htdocs\\Kelompok_5_7_Laravel\\vendor\\laravel\\framework\\src\\Illuminate\\Database\\Connection.php(767): Illuminate\\Database\\Connection->runQueryCallback('select table_na...', Array, Object(Closure))
#1 C:\\Users\\ASUS TUF15\\Documents\\XAMPP\\htdocs\\Kelompok_5_7_Laravel\\vendor\\laravel\\framework\\src\\Illuminate\\Database\\Connection.php(398): Illuminate\\Database\\Connection->run('select table_na...', Array, Object(Closure))
#2 C:\\Users\\ASUS TUF15\\Documents\\XAMPP\\htdocs\\Kelompok_5_7_Laravel\\vendor\\laravel\\framework\\src\\Illuminate\\Database\\Connection.php(385): Illuminate\\Database\\Connection->select('select table_na...', Array, false)
#3 C:\\Users\\ASUS TUF15\\Documents\\XAMPP\\htdocs\\Kelompok_5_7_Laravel\\vendor\\laravel\\framework\\src\\Illuminate\\Database\\Schema\\MySqlBuilder.php(41): Illuminate\\Database\\Connection->selectFromWriteConnection('select table_na...')
#4 C:\\Users\\ASUS TUF15\\Documents\\XAMPP\\htdocs\\Kelompok_5_7_Laravel\\vendor\\laravel\\framework\\src\\Illuminate\\Database\\Schema\\Builder.php(147): Illuminate\\Database\\Schema\\MySqlBuilder->getTables(false)
#5 C:\\Users\\ASUS TUF15\\Documents\\XAMPP\\htdocs\\Kelompok_5_7_Laravel\\vendor\\laravel\\framework\\src\\Illuminate\\Database\\Migrations\\DatabaseMigrationRepository.php(184): Illuminate\\Database\\Schema\\Builder->hasTable('migrations')
#6 C:\\Users\\ASUS TUF15\\Documents\\XAMPP\\htdocs\\Kelompok_5_7_Laravel\\vendor\\laravel\\framework\\src\\Illuminate\\Database\\Migrations\\Migrator.php(683): Illuminate\\Database\\Migrations\\DatabaseMigrationRepository->repositoryExists()
#7 C:\\Users\\ASUS TUF15\\Documents\\XAMPP\\htdocs\\Kelompok_5_7_Laravel\\vendor\\laravel\\framework\\src\\Illuminate\\Database\\Console\\Migrations\\FreshCommand.php(68): Illuminate\\Database\\Migrations\\Migrator->repositoryExists()
#8 C:\\Users\\ASUS TUF15\\Documents\\XAMPP\\htdocs\\Kelompok_5_7_Laravel\\vendor\\laravel\\framework\\src\\Illuminate\\Database\\Migrations\\Migrator.php(616): Illuminate\\Database\\Console\\Migrations\\FreshCommand->Illuminate\\Database\\Console\\Migrations\\{closure}()
#9 C:\\Users\\ASUS TUF15\\Documents\\XAMPP\\htdocs\\Kelompok_5_7_Laravel\\vendor\\laravel\\framework\\src\\Illuminate\\Database\\Console\\Migrations\\FreshCommand.php(67): Illuminate\\Database\\Migrations\\Migrator->usingConnection(NULL, Object(Closure))
#10 C:\\Users\\ASUS TUF15\\Documents\\XAMPP\\htdocs\\Kelompok_5_7_Laravel\\vendor\\laravel\\framework\\src\\Illuminate\\Container\\BoundMethod.php(36): Illuminate\\Database\\Console\\Migrations\\FreshCommand->handle()
#11 C:\\Users\\ASUS TUF15\\Documents\\XAMPP\\htdocs\\Kelompok_5_7_Laravel\\vendor\\laravel\\framework\\src\\Illuminate\\Container\\Util.php(41): Illuminate\\Container\\BoundMethod::Illuminate\\Container\\{closure}()
#12 C:\\Users\\ASUS TUF15\\Documents\\XAMPP\\htdocs\\Kelompok_5_7_Laravel\\vendor\\laravel\\framework\\src\\Illuminate\\Container\\BoundMethod.php(93): Illuminate\\Container\\Util::unwrapIfClosure(Object(Closure))
#13 C:\\Users\\ASUS TUF15\\Documents\\XAMPP\\htdocs\\Kelompok_5_7_Laravel\\vendor\\laravel\\framework\\src\\Illuminate\\Container\\BoundMethod.php(35): Illuminate\\Container\\BoundMethod::callBoundMethod(Object(Illuminate\\Foundation\\Application), Array, Object(Closure))
#14 C:\\Users\\ASUS TUF15\\Documents\\XAMPP\\htdocs\\Kelompok_5_7_Laravel\\vendor\\laravel\\framework\\src\\Illuminate\\Container\\Container.php(662): Illuminate\\Container\\BoundMethod::call(Object(Illuminate\\Foundation\\Application), Array, Array, NULL)
#15 C:\\Users\\ASUS TUF15\\Documents\\XAMPP\\htdocs\\Kelompok_5_7_Laravel\\vendor\\laravel\\framework\\src\\Illuminate\\Console\\Command.php(213): Illuminate\\Container\\Container->call(Array)
#16 C:\\Users\\ASUS TUF15\\Documents\\XAMPP\\htdocs\\Kelompok_5_7_Laravel\\vendor\\symfony\\console\\Command\\Command.php(279): Illuminate\\Console\\Command->execute(Object(Symfony\\Component\\Console\\Input\\ArgvInput), Object(Illuminate\\Console\\OutputStyle))
#17 C:\\Users\\ASUS TUF15\\Documents\\XAMPP\\htdocs\\Kelompok_5_7_Laravel\\vendor\\laravel\\framework\\src\\Illuminate\\Console\\Command.php(182): Symfony\\Component\\Console\\Command\\Command->run(Object(Symfony\\Component\\Console\\Input\\ArgvInput), Object(Illuminate\\Console\\OutputStyle))
#18 C:\\Users\\ASUS TUF15\\Documents\\XAMPP\\htdocs\\Kelompok_5_7_Laravel\\vendor\\symfony\\console\\Application.php(1049): Illuminate\\Console\\Command->run(Object(Symfony\\Component\\Console\\Input\\ArgvInput), Object(Symfony\\Component\\Console\\Output\\ConsoleOutput))
#19 C:\\Users\\ASUS TUF15\\Documents\\XAMPP\\htdocs\\Kelompok_5_7_Laravel\\vendor\\symfony\\console\\Application.php(318): Symfony\\Component\\Console\\Application->doRunCommand(Object(Illuminate\\Database\\Console\\Migrations\\FreshCommand), Object(Symfony\\Component\\Console\\Input\\ArgvInput), Object(Symfony\\Component\\Console\\Output\\ConsoleOutput))
#20 C:\\Users\\ASUS TUF15\\Documents\\XAMPP\\htdocs\\Kelompok_5_7_Laravel\\vendor\\symfony\\console\\Application.php(169): Symfony\\Component\\Console\\Application->doRun(Object(Symfony\\Component\\Console\\Input\\ArgvInput), Object(Symfony\\Component\\Console\\Output\\ConsoleOutput))
#21 C:\\Users\\ASUS TUF15\\Documents\\XAMPP\\htdocs\\Kelompok_5_7_Laravel\\vendor\\laravel\\framework\\src\\Illuminate\\Foundation\\Console\\Kernel.php(196): Symfony\\Component\\Console\\Application->run(Object(Symfony\\Component\\Console\\Input\\ArgvInput), Object(Symfony\\Component\\Console\\Output\\ConsoleOutput))
#22 C:\\Users\\ASUS TUF15\\Documents\\XAMPP\\htdocs\\Kelompok_5_7_Laravel\\vendor\\laravel\\framework\\src\\Illuminate\\Foundation\\Application.php(1191): Illuminate\\Foundation\\Console\\Kernel->handle(Object(Symfony\\Component\\Console\\Input\\ArgvInput), Object(Symfony\\Component\\Console\\Output\\ConsoleOutput))
#23 C:\\Users\\ASUS TUF15\\Documents\\XAMPP\\htdocs\\Kelompok_5_7_Laravel\\artisan(13): Illuminate\\Foundation\\Application->handleCommand(Object(Symfony\\Component\\Console\\Input\\ArgvInput))
#24 {main}

[previous exception] [object] (PDOException(code: 1049): SQLSTATE[HY000] [1049] Unknown database 'elmslaravel' at C:\\Users\\ASUS TUF15\\Documents\\XAMPP\\htdocs\\Kelompok_5_7_Laravel\\vendor\\laravel\\framework\\src\\Illuminate\\Database\\Connectors\\Connector.php:65)
[stacktrace]
#0 C:\\Users\\ASUS TUF15\\Documents\\XAMPP\\htdocs\\Kelompok_5_7_Laravel\\vendor\\laravel\\framework\\src\\Illuminate\\Database\\Connectors\\Connector.php(65): PDO->__construct('mysql:host=127....', 'root', Object(SensitiveParameterValue), Array)
#1 C:\\Users\\ASUS TUF15\\Documents\\XAMPP\\htdocs\\Kelompok_5_7_Laravel\\vendor\\laravel\\framework\\src\\Illuminate\\Database\\Connectors\\Connector.php(44): Illuminate\\Database\\Connectors\\Connector->createPdoConnection('mysql:host=127....', 'root', '', Array)
#2 C:\\Users\\ASUS TUF15\\Documents\\XAMPP\\htdocs\\Kelompok_5_7_Laravel\\vendor\\laravel\\framework\\src\\Illuminate\\Database\\Connectors\\MySqlConnector.php(24): Illuminate\\Database\\Connectors\\Connector->createConnection('mysql:host=127....', Array, Array)
#3 C:\\Users\\ASUS TUF15\\Documents\\XAMPP\\htdocs\\Kelompok_5_7_Laravel\\vendor\\laravel\\framework\\src\\Illuminate\\Database\\Connectors\\ConnectionFactory.php(185): Illuminate\\Database\\Connectors\\MySqlConnector->connect(Array)
#4 [internal function]: Illuminate\\Database\\Connectors\\ConnectionFactory->Illuminate\\Database\\Connectors\\{closure}()
#5 C:\\Users\\ASUS TUF15\\Documents\\XAMPP\\htdocs\\Kelompok_5_7_Laravel\\vendor\\laravel\\framework\\src\\Illuminate\\Database\\Connection.php(1219): call_user_func(Object(Closure))
#6 C:\\Users\\ASUS TUF15\\Documents\\XAMPP\\htdocs\\Kelompok_5_7_Laravel\\vendor\\laravel\\framework\\src\\Illuminate\\Database\\Connection.php(512): Illuminate\\Database\\Connection->getPdo()
#7 C:\\Users\\ASUS TUF15\\Documents\\XAMPP\\htdocs\\Kelompok_5_7_Laravel\\vendor\\laravel\\framework\\src\\Illuminate\\Database\\Connection.php(407): Illuminate\\Database\\Connection->getPdoForSelect(false)
#8 C:\\Users\\ASUS TUF15\\Documents\\XAMPP\\htdocs\\Kelompok_5_7_Laravel\\vendor\\laravel\\framework\\src\\Illuminate\\Database\\Connection.php(800): Illuminate\\Database\\Connection->Illuminate\\Database\\{closure}('select table_na...', Array)
#9 C:\\Users\\ASUS TUF15\\Documents\\XAMPP\\htdocs\\Kelompok_5_7_Laravel\\vendor\\laravel\\framework\\src\\Illuminate\\Database\\Connection.php(767): Illuminate\\Database\\Connection->runQueryCallback('select table_na...', Array, Object(Closure))
#10 C:\\Users\\ASUS TUF15\\Documents\\XAMPP\\htdocs\\Kelompok_5_7_Laravel\\vendor\\laravel\\framework\\src\\Illuminate\\Database\\Connection.php(398): Illuminate\\Database\\Connection->run('select table_na...', Array, Object(Closure))
#11 C:\\Users\\ASUS TUF15\\Documents\\XAMPP\\htdocs\\Kelompok_5_7_Laravel\\vendor\\laravel\\framework\\src\\Illuminate\\Database\\Connection.php(385): Illuminate\\Database\\Connection->select('select table_na...', Array, false)
#12 C:\\Users\\ASUS TUF15\\Documents\\XAMPP\\htdocs\\Kelompok_5_7_Laravel\\vendor\\laravel\\framework\\src\\Illuminate\\Database\\Schema\\MySqlBuilder.php(41): Illuminate\\Database\\Connection->selectFromWriteConnection('select table_na...')
#13 C:\\Users\\ASUS TUF15\\Documents\\XAMPP\\htdocs\\Kelompok_5_7_Laravel\\vendor\\laravel\\framework\\src\\Illuminate\\Database\\Schema\\Builder.php(147): Illuminate\\Database\\Schema\\MySqlBuilder->getTables(false)
#14 C:\\Users\\ASUS TUF15\\Documents\\XAMPP\\htdocs\\Kelompok_5_7_Laravel\\vendor\\laravel\\framework\\src\\Illuminate\\Database\\Migrations\\DatabaseMigrationRepository.php(184): Illuminate\\Database\\Schema\\Builder->hasTable('migrations')
#15 C:\\Users\\ASUS TUF15\\Documents\\XAMPP\\htdocs\\Kelompok_5_7_Laravel\\vendor\\laravel\\framework\\src\\Illuminate\\Database\\Migrations\\Migrator.php(683): Illuminate\\Database\\Migrations\\DatabaseMigrationRepository->repositoryExists()
#16 C:\\Users\\ASUS TUF15\\Documents\\XAMPP\\htdocs\\Kelompok_5_7_Laravel\\vendor\\laravel\\framework\\src\\Illuminate\\Database\\Console\\Migrations\\FreshCommand.php(68): Illuminate\\Database\\Migrations\\Migrator->repositoryExists()
#17 C:\\Users\\ASUS TUF15\\Documents\\XAMPP\\htdocs\\Kelompok_5_7_Laravel\\vendor\\laravel\\framework\\src\\Illuminate\\Database\\Migrations\\Migrator.php(616): Illuminate\\Database\\Console\\Migrations\\FreshCommand->Illuminate\\Database\\Console\\Migrations\\{closure}()
#18 C:\\Users\\ASUS TUF15\\Documents\\XAMPP\\htdocs\\Kelompok_5_7_Laravel\\vendor\\laravel\\framework\\src\\Illuminate\\Database\\Console\\Migrations\\FreshCommand.php(67): Illuminate\\Database\\Migrations\\Migrator->usingConnection(NULL, Object(Closure))
#19 C:\\Users\\ASUS TUF15\\Documents\\XAMPP\\htdocs\\Kelompok_5_7_Laravel\\vendor\\laravel\\framework\\src\\Illuminate\\Container\\BoundMethod.php(36): Illuminate\\Database\\Console\\Migrations\\FreshCommand->handle()
#20 C:\\Users\\ASUS TUF15\\Documents\\XAMPP\\htdocs\\Kelompok_5_7_Laravel\\vendor\\laravel\\framework\\src\\Illuminate\\Container\\Util.php(41): Illuminate\\Container\\BoundMethod::Illuminate\\Container\\{closure}()
#21 C:\\Users\\ASUS TUF15\\Documents\\XAMPP\\htdocs\\Kelompok_5_7_Laravel\\vendor\\laravel\\framework\\src\\Illuminate\\Container\\BoundMethod.php(93): Illuminate\\Container\\Util::unwrapIfClosure(Object(Closure))
#22 C:\\Users\\ASUS TUF15\\Documents\\XAMPP\\htdocs\\Kelompok_5_7_Laravel\\vendor\\laravel\\framework\\src\\Illuminate\\Container\\BoundMethod.php(35): Illuminate\\Container\\BoundMethod::callBoundMethod(Object(Illuminate\\Foundation\\Application), Array, Object(Closure))
#23 C:\\Users\\ASUS TUF15\\Documents\\XAMPP\\htdocs\\Kelompok_5_7_Laravel\\vendor\\laravel\\framework\\src\\Illuminate\\Container\\Container.php(662): Illuminate\\Container\\BoundMethod::call(Object(Illuminate\\Foundation\\Application), Array, Array, NULL)
#24 C:\\Users\\ASUS TUF15\\Documents\\XAMPP\\htdocs\\Kelompok_5_7_Laravel\\vendor\\laravel\\framework\\src\\Illuminate\\Console\\Command.php(213): Illuminate\\Container\\Container->call(Array)
#25 C:\\Users\\ASUS TUF15\\Documents\\XAMPP\\htdocs\\Kelompok_5_7_Laravel\\vendor\\symfony\\console\\Command\\Command.php(279): Illuminate\\Console\\Command->execute(Object(Symfony\\Component\\Console\\Input\\ArgvInput), Object(Illuminate\\Console\\OutputStyle))
#26 C:\\Users\\ASUS TUF15\\Documents\\XAMPP\\htdocs\\Kelompok_5_7_Laravel\\vendor\\laravel\\framework\\src\\Illuminate\\Console\\Command.php(182): Symfony\\Component\\Console\\Command\\Command->run(Object(Symfony\\Component\\Console\\Input\\ArgvInput), Object(Illuminate\\Console\\OutputStyle))
#27 C:\\Users\\ASUS TUF15\\Documents\\XAMPP\\htdocs\\Kelompok_5_7_Laravel\\vendor\\symfony\\console\\Application.php(1049): Illuminate\\Console\\Command->run(Object(Symfony\\Component\\Console\\Input\\ArgvInput), Object(Symfony\\Component\\Console\\Output\\ConsoleOutput))
#28 C:\\Users\\ASUS TUF15\\Documents\\XAMPP\\htdocs\\Kelompok_5_7_Laravel\\vendor\\symfony\\console\\Application.php(318): Symfony\\Component\\Console\\Application->doRunCommand(Object(Illuminate\\Database\\Console\\Migrations\\FreshCommand), Object(Symfony\\Component\\Console\\Input\\ArgvInput), Object(Symfony\\Component\\Console\\Output\\ConsoleOutput))
#29 C:\\Users\\ASUS TUF15\\Documents\\XAMPP\\htdocs\\Kelompok_5_7_Laravel\\vendor\\symfony\\console\\Application.php(169): Symfony\\Component\\Console\\Application->doRun(Object(Symfony\\Component\\Console\\Input\\ArgvInput), Object(Symfony\\Component\\Console\\Output\\ConsoleOutput))
#30 C:\\Users\\ASUS TUF15\\Documents\\XAMPP\\htdocs\\Kelompok_5_7_Laravel\\vendor\\laravel\\framework\\src\\Illuminate\\Foundation\\Console\\Kernel.php(196): Symfony\\Component\\Console\\Application->run(Object(Symfony\\Component\\Console\\Input\\ArgvInput), Object(Symfony\\Component\\Console\\Output\\ConsoleOutput))
#31 C:\\Users\\ASUS TUF15\\Documents\\XAMPP\\htdocs\\Kelompok_5_7_Laravel\\vendor\\laravel\\framework\\src\\Illuminate\\Foundation\\Application.php(1191): Illuminate\\Foundation\\Console\\Kernel->handle(Object(Symfony\\Component\\Console\\Input\\ArgvInput), Object(Symfony\\Component\\Console\\Output\\ConsoleOutput))
#32 C:\\Users\\ASUS TUF15\\Documents\\XAMPP\\htdocs\\Kelompok_5_7_Laravel\\artisan(13): Illuminate\\Foundation\\Application->handleCommand(Object(Symfony\\Component\\Console\\Input\\ArgvInput))
#33 {main}
"} 
